running develop
running egg_info
creating yolotl_ros2.egg-info
writing yolotl_ros2.egg-info/PKG-INFO
writing dependency_links to yolotl_ros2.egg-info/dependency_links.txt
writing entry points to yolotl_ros2.egg-info/entry_points.txt
writing requirements to yolotl_ros2.egg-info/requires.txt
writing top-level names to yolotl_ros2.egg-info/top_level.txt
writing manifest file 'yolotl_ros2.egg-info/SOURCES.txt'
reading manifest file 'yolotl_ros2.egg-info/SOURCES.txt'
writing manifest file 'yolotl_ros2.egg-info/SOURCES.txt'
running build_ext
Creating /home/j/yolotl/src/install/yolotl_ros2/lib/python3.10/site-packages/yolotl-ros2.egg-link (link to .)
Installing basic_follower script to /home/j/yolotl/src/install/yolotl_ros2/lib/yolotl_ros2
Installing bev_video_creator script to /home/j/yolotl/src/install/yolotl_ros2/lib/yolotl_ros2
Installing dual_recorder script to /home/j/yolotl/src/install/yolotl_ros2/lib/yolotl_ros2
Installing lane_follower script to /home/j/yolotl/src/install/yolotl_ros2/lib/yolotl_ros2
Installing local_demo script to /home/j/yolotl/src/install/yolotl_ros2/lib/yolotl_ros2

Installed /home/j/yolotl/src/build/yolotl_ros2
running symlink_data
creating /home/j/yolotl/src/install/yolotl_ros2/share/ament_index
creating /home/j/yolotl/src/install/yolotl_ros2/share/ament_index/resource_index
creating /home/j/yolotl/src/install/yolotl_ros2/share/ament_index/resource_index/packages
symbolically linking /home/j/yolotl/src/build/yolotl_ros2/resource/yolotl_ros2 -> /home/j/yolotl/src/install/yolotl_ros2/share/ament_index/resource_index/packages
symbolically linking /home/j/yolotl/src/build/yolotl_ros2/package.xml -> /home/j/yolotl/src/install/yolotl_ros2/share/yolotl_ros2
creating /home/j/yolotl/src/install/yolotl_ros2/share/yolotl_ros2/config
symbolically linking /home/j/yolotl/src/build/yolotl_ros2/config/bev_params_y_5.npz -> /home/j/yolotl/src/install/yolotl_ros2/share/yolotl_ros2/config
symbolically linking /home/j/yolotl/src/build/yolotl_ros2/config/weights2.pt -> /home/j/yolotl/src/install/yolotl_ros2/share/yolotl_ros2/config
